This file contains any messages produced by compilers while
running configure, to aid debugging if configure makes a mistake.

It was created by sos_flow configure 0.0, which was
generated by GNU Autoconf 2.69.  Invocation command line was

  $ ./configure --with-sqlite

## --------- ##
## Platform. ##
## --------- ##

hostname = icebox
uname -m = x86_64
uname -r = 3.13.0-37-generic
uname -s = Linux
uname -v = #64-Ubuntu SMP Mon Sep 22 21:28:38 UTC 2014

/usr/bin/uname -p = unknown
/bin/uname -X     = unknown

/bin/arch              = unknown
/usr/bin/arch -k       = unknown
/usr/convex/getsysinfo = unknown
/usr/bin/hostinfo      = unknown
/bin/machine           = unknown
/usr/bin/oslevel       = unknown
/bin/universe          = unknown

PATH: /usr/local/sbin
PATH: /usr/local/bin
PATH: /usr/sbin
PATH: /usr/bin
PATH: /sbin
PATH: /bin
PATH: /usr/games
PATH: /usr/local/games


## ----------- ##
## Core tests. ##
## ----------- ##

configure:2270: checking build system type
configure:2284: result: x86_64-unknown-linux-gnu
configure:2304: checking host system type
configure:2317: result: x86_64-unknown-linux-gnu
configure:2358: checking how to print strings
configure:2385: result: printf
configure:2457: checking for gcc
configure:2473: found /usr/bin/gcc
configure:2484: result: gcc
configure:2713: checking for C compiler version
configure:2722: gcc --version >&5
gcc (Ubuntu 4.8.4-2ubuntu1~14.04) 4.8.4
Copyright (C) 2013 Free Software Foundation, Inc.
This is free software; see the source for copying conditions.  There is NO
warranty; not even for MERCHANTABILITY or FITNESS FOR A PARTICULAR PURPOSE.

configure:2733: $? = 0
configure:2722: gcc -v >&5
Using built-in specs.
COLLECT_GCC=gcc
COLLECT_LTO_WRAPPER=/usr/lib/gcc/x86_64-linux-gnu/4.8/lto-wrapper
Target: x86_64-linux-gnu
Configured with: ../src/configure -v --with-pkgversion='Ubuntu 4.8.4-2ubuntu1~14.04' --with-bugurl=file:///usr/share/doc/gcc-4.8/README.Bugs --enable-languages=c,c++,java,go,d,fortran,objc,obj-c++ --prefix=/usr --program-suffix=-4.8 --enable-shared --enable-linker-build-id --libexecdir=/usr/lib --without-included-gettext --enable-threads=posix --with-gxx-include-dir=/usr/include/c++/4.8 --libdir=/usr/lib --enable-nls --with-sysroot=/ --enable-clocale=gnu --enable-libstdcxx-debug --enable-libstdcxx-time=yes --enable-gnu-unique-object --disable-libmudflap --enable-plugin --with-system-zlib --disable-browser-plugin --enable-java-awt=gtk --enable-gtk-cairo --with-java-home=/usr/lib/jvm/java-1.5.0-gcj-4.8-amd64/jre --enable-java-home --with-jvm-root-dir=/usr/lib/jvm/java-1.5.0-gcj-4.8-amd64 --with-jvm-jar-dir=/usr/lib/jvm-exports/java-1.5.0-gcj-4.8-amd64 --with-arch-directory=amd64 --with-ecj-jar=/usr/share/java/eclipse-ecj.jar --enable-objc-gc --enable-multiarch --disable-werror --with-arch-32=i686 --with-abi=m64 --with-multilib-list=m32,m64,mx32 --with-tune=generic --enable-checking=release --build=x86_64-linux-gnu --host=x86_64-linux-gnu --target=x86_64-linux-gnu
Thread model: posix
gcc version 4.8.4 (Ubuntu 4.8.4-2ubuntu1~14.04) 
configure:2733: $? = 0
configure:2722: gcc -V >&5
gcc: error: unrecognized command line option '-V'
gcc: fatal error: no input files
compilation terminated.
configure:2733: $? = 4
configure:2722: gcc -qversion >&5
gcc: error: unrecognized command line option '-qversion'
gcc: fatal error: no input files
compilation terminated.
configure:2733: $? = 4
configure:2753: checking whether the C compiler works
configure:2775: gcc    conftest.c  >&5
configure:2779: $? = 0
configure:2827: result: yes
configure:2830: checking for C compiler default output file name
configure:2832: result: a.out
configure:2838: checking for suffix of executables
configure:2845: gcc -o conftest    conftest.c  >&5
configure:2849: $? = 0
configure:2871: result: 
configure:2893: checking whether we are cross compiling
configure:2901: gcc -o conftest    conftest.c  >&5
configure:2905: $? = 0
configure:2912: ./conftest
configure:2916: $? = 0
configure:2931: result: no
configure:2936: checking for suffix of object files
configure:2958: gcc -c   conftest.c >&5
configure:2962: $? = 0
configure:2983: result: o
configure:2987: checking whether we are using the GNU C compiler
configure:3006: gcc -c   conftest.c >&5
configure:3006: $? = 0
configure:3015: result: yes
configure:3024: checking whether gcc accepts -g
configure:3044: gcc -c -g  conftest.c >&5
configure:3044: $? = 0
configure:3085: result: yes
configure:3102: checking for gcc option to accept ISO C89
configure:3165: gcc  -c -g -O2  conftest.c >&5
configure:3165: $? = 0
configure:3178: result: none needed
configure:3203: checking whether gcc understands -c and -o together
configure:3225: gcc -c conftest.c -o conftest2.o
configure:3228: $? = 0
configure:3225: gcc -c conftest.c -o conftest2.o
configure:3228: $? = 0
configure:3240: result: yes
configure:3257: checking for a sed that does not truncate output
configure:3321: result: /bin/sed
configure:3339: checking for grep that handles long lines and -e
configure:3397: result: /bin/grep
configure:3402: checking for egrep
configure:3464: result: /bin/grep -E
configure:3469: checking for fgrep
configure:3531: result: /bin/grep -F
configure:3566: checking for ld used by gcc
configure:3633: result: /usr/bin/ld
configure:3640: checking if the linker (/usr/bin/ld) is GNU ld
configure:3655: result: yes
configure:3667: checking for BSD- or MS-compatible name lister (nm)
configure:3716: result: /usr/bin/nm -B
configure:3846: checking the name lister (/usr/bin/nm -B) interface
configure:3853: gcc -c -g -O2  conftest.c >&5
configure:3856: /usr/bin/nm -B "conftest.o"
configure:3859: output
0000000000000000 B some_variable
configure:3866: result: BSD nm
configure:3869: checking whether ln -s works
configure:3873: result: yes
configure:3881: checking the maximum length of command line arguments
configure:4012: result: 1572864
configure:4029: checking whether the shell understands some XSI constructs
configure:4039: result: yes
configure:4043: checking whether the shell understands "+="
configure:4049: result: yes
configure:4084: checking how to convert x86_64-unknown-linux-gnu file names to x86_64-unknown-linux-gnu format
configure:4124: result: func_convert_file_noop
configure:4131: checking how to convert x86_64-unknown-linux-gnu file names to toolchain format
configure:4151: result: func_convert_file_noop
configure:4158: checking for /usr/bin/ld option to reload object files
configure:4165: result: -r
configure:4239: checking for objdump
configure:4255: found /usr/bin/objdump
configure:4266: result: objdump
configure:4298: checking how to recognize dependent libraries
configure:4496: result: pass_all
configure:4581: checking for dlltool
configure:4611: result: no
configure:4641: checking how to associate runtime and link libraries
configure:4668: result: printf %s\n
configure:4729: checking for ar
configure:4745: found /usr/bin/ar
configure:4756: result: ar
configure:4793: checking for archiver @FILE support
configure:4810: gcc -c -g -O2  conftest.c >&5
configure:4810: $? = 0
configure:4813: ar cru libconftest.a @conftest.lst >&5
configure:4816: $? = 0
configure:4821: ar cru libconftest.a @conftest.lst >&5
ar: conftest.o: No such file or directory
configure:4824: $? = 1
configure:4836: result: @
configure:4894: checking for strip
configure:4910: found /usr/bin/strip
configure:4921: result: strip
configure:4993: checking for ranlib
configure:5009: found /usr/bin/ranlib
configure:5020: result: ranlib
configure:5097: checking for gawk
configure:5113: found /usr/bin/gawk
configure:5124: result: gawk
configure:5164: checking command to parse /usr/bin/nm -B output from gcc object
configure:5284: gcc -c -g -O2  conftest.c >&5
configure:5287: $? = 0
configure:5291: /usr/bin/nm -B conftest.o \| sed -n -e 's/^.*[ ]\([ABCDGIRSTW][ABCDGIRSTW]*\)[ ][ ]*\([_A-Za-z][_A-Za-z0-9]*\)$/\1 \2 \2/p' | sed '/ __gnu_lto/d' \> conftest.nm
configure:5294: $? = 0
configure:5360: gcc -o conftest -g -O2   conftest.c conftstm.o >&5
configure:5363: $? = 0
configure:5401: result: ok
configure:5438: checking for sysroot
configure:5468: result: no
configure:5545: gcc -c -g -O2  conftest.c >&5
configure:5548: $? = 0
configure:5737: checking for mt
configure:5753: found /bin/mt
configure:5764: result: mt
configure:5787: checking if mt is a manifest tool
configure:5793: mt '-?'
configure:5801: result: no
configure:6443: checking how to run the C preprocessor
configure:6474: gcc -E  conftest.c
configure:6474: $? = 0
configure:6488: gcc -E  conftest.c
conftest.c:9:28: fatal error: ac_nonexistent.h: No such file or directory
 #include <ac_nonexistent.h>
                            ^
compilation terminated.
configure:6488: $? = 1
configure: failed program was:
| /* confdefs.h */
| #define PACKAGE_NAME "sos_flow"
| #define PACKAGE_TARNAME "sos_flow"
| #define PACKAGE_VERSION "0.0"
| #define PACKAGE_STRING "sos_flow 0.0"
| #define PACKAGE_BUGREPORT ""
| #define PACKAGE_URL ""
| /* end confdefs.h.  */
| #include <ac_nonexistent.h>
configure:6513: result: gcc -E
configure:6533: gcc -E  conftest.c
configure:6533: $? = 0
configure:6547: gcc -E  conftest.c
conftest.c:9:28: fatal error: ac_nonexistent.h: No such file or directory
 #include <ac_nonexistent.h>
                            ^
compilation terminated.
configure:6547: $? = 1
configure: failed program was:
| /* confdefs.h */
| #define PACKAGE_NAME "sos_flow"
| #define PACKAGE_TARNAME "sos_flow"
| #define PACKAGE_VERSION "0.0"
| #define PACKAGE_STRING "sos_flow 0.0"
| #define PACKAGE_BUGREPORT ""
| #define PACKAGE_URL ""
| /* end confdefs.h.  */
| #include <ac_nonexistent.h>
configure:6576: checking for ANSI C header files
configure:6596: gcc -c -g -O2  conftest.c >&5
configure:6596: $? = 0
configure:6669: gcc -o conftest -g -O2   conftest.c  >&5
configure:6669: $? = 0
configure:6669: ./conftest
configure:6669: $? = 0
configure:6680: result: yes
configure:6693: checking for sys/types.h
configure:6693: gcc -c -g -O2  conftest.c >&5
configure:6693: $? = 0
configure:6693: result: yes
configure:6693: checking for sys/stat.h
configure:6693: gcc -c -g -O2  conftest.c >&5
configure:6693: $? = 0
configure:6693: result: yes
configure:6693: checking for stdlib.h
configure:6693: gcc -c -g -O2  conftest.c >&5
configure:6693: $? = 0
configure:6693: result: yes
configure:6693: checking for string.h
configure:6693: gcc -c -g -O2  conftest.c >&5
configure:6693: $? = 0
configure:6693: result: yes
configure:6693: checking for memory.h
configure:6693: gcc -c -g -O2  conftest.c >&5
configure:6693: $? = 0
configure:6693: result: yes
configure:6693: checking for strings.h
configure:6693: gcc -c -g -O2  conftest.c >&5
configure:6693: $? = 0
configure:6693: result: yes
configure:6693: checking for inttypes.h
configure:6693: gcc -c -g -O2  conftest.c >&5
configure:6693: $? = 0
configure:6693: result: yes
configure:6693: checking for stdint.h
configure:6693: gcc -c -g -O2  conftest.c >&5
configure:6693: $? = 0
configure:6693: result: yes
configure:6693: checking for unistd.h
configure:6693: gcc -c -g -O2  conftest.c >&5
configure:6693: $? = 0
configure:6693: result: yes
configure:6707: checking for dlfcn.h
configure:6707: gcc -c -g -O2  conftest.c >&5
configure:6707: $? = 0
configure:6707: result: yes
configure:6911: checking for objdir
configure:6926: result: .libs
configure:7197: checking if gcc supports -fno-rtti -fno-exceptions
configure:7215: gcc -c -g -O2  -fno-rtti -fno-exceptions conftest.c >&5
cc1: warning: command line option '-fno-rtti' is valid for C++/ObjC++ but not for C [enabled by default]
configure:7219: $? = 0
configure:7232: result: no
configure:7559: checking for gcc option to produce PIC
configure:7566: result: -fPIC -DPIC
configure:7574: checking if gcc PIC flag -fPIC -DPIC works
configure:7592: gcc -c -g -O2  -fPIC -DPIC -DPIC conftest.c >&5
configure:7596: $? = 0
configure:7609: result: yes
configure:7638: checking if gcc static flag -static works
configure:7666: result: yes
configure:7681: checking if gcc supports -c -o file.o
configure:7702: gcc -c -g -O2  -o out/conftest2.o conftest.c >&5
configure:7706: $? = 0
configure:7728: result: yes
configure:7736: checking if gcc supports -c -o file.o
configure:7783: result: yes
configure:7816: checking whether the gcc linker (/usr/bin/ld -m elf_x86_64) supports shared libraries
configure:8973: result: yes
configure:9010: checking whether -lc should be explicitly linked in
configure:9018: gcc -c -g -O2  conftest.c >&5
configure:9021: $? = 0
configure:9036: gcc -shared  -fPIC -DPIC conftest.o  -v -Wl,-soname -Wl,conftest -o conftest 2\>\&1 \| /bin/grep  -lc  \>/dev/null 2\>\&1
configure:9039: $? = 0
configure:9053: result: no
configure:9213: checking dynamic linker characteristics
configure:9713: gcc -o conftest -g -O2   -Wl,-rpath -Wl,/foo conftest.c  >&5
configure:9713: $? = 0
configure:9947: result: GNU/Linux ld.so
configure:10054: checking how to hardcode library paths into programs
configure:10079: result: immediate
configure:10619: checking whether stripping libraries is possible
configure:10624: result: yes
configure:10659: checking if libtool supports shared libraries
configure:10661: result: yes
configure:10664: checking whether to build shared libraries
configure:10685: result: yes
configure:10688: checking whether to build static libraries
configure:10692: result: yes
configure:10752: checking for a BSD-compatible install
configure:10820: result: /usr/bin/install -c
configure:10831: checking whether build environment is sane
configure:10886: result: yes
configure:11034: checking for a thread-safe mkdir -p
configure:11073: result: /bin/mkdir -p
configure:11076: checking whether make sets $(MAKE)
configure:11098: result: yes
configure:11128: checking for style of include used by make
configure:11156: result: GNU
configure:11190: checking whether make supports nested variables
configure:11207: result: yes
configure:11292: checking dependency style of gcc
configure:11403: result: gcc3
configure:11536: checking for pkg-config
configure:11554: found /usr/bin/pkg-config
configure:11566: result: /usr/bin/pkg-config
configure:11591: checking pkg-config is at least version 0.9.0
configure:11594: result: yes
configure:11606: checking for SQLITE3
configure:11613: $PKG_CONFIG --exists --print-errors "sqlite3"
configure:11616: $? = 0
configure:11630: $PKG_CONFIG --exists --print-errors "sqlite3"
configure:11633: $? = 0
configure:11671: result: yes
configure:11812: checking if compiler needs -Werror to reject unknown flags
configure:11828: gcc -c -g -O2 -Werror -Wunknown-warning-option -Wsizeof-array-argument  conftest.c >&5
gcc: error: unrecognized command line option '-Wunknown-warning-option'
gcc: error: unrecognized command line option '-Wsizeof-array-argument'
configure:11828: $? = 1
configure: failed program was:
| /* confdefs.h */
| #define PACKAGE_NAME "sos_flow"
| #define PACKAGE_TARNAME "sos_flow"
| #define PACKAGE_VERSION "0.0"
| #define PACKAGE_STRING "sos_flow 0.0"
| #define PACKAGE_BUGREPORT ""
| #define PACKAGE_URL ""
| #define STDC_HEADERS 1
| #define HAVE_SYS_TYPES_H 1
| #define HAVE_SYS_STAT_H 1
| #define HAVE_STDLIB_H 1
| #define HAVE_STRING_H 1
| #define HAVE_MEMORY_H 1
| #define HAVE_STRINGS_H 1
| #define HAVE_INTTYPES_H 1
| #define HAVE_STDINT_H 1
| #define HAVE_UNISTD_H 1
| #define HAVE_DLFCN_H 1
| #define LT_OBJDIR ".libs/"
| #define PACKAGE "sos_flow"
| #define VERSION "0.0"
| /* end confdefs.h.  */
| int foo(void);
| int
| main ()
| {
| foo()
|   ;
|   return 0;
| }
configure:11833: result: no
configure:11899: checking for the pthreads library -lpthreads
configure:11937: gcc -o conftest -g -O2     conftest.c -lpthreads  >&5
/usr/bin/ld: cannot find -lpthreads
collect2: error: ld returned 1 exit status
configure:11937: $? = 1
configure: failed program was:
| /* confdefs.h */
| #define PACKAGE_NAME "sos_flow"
| #define PACKAGE_TARNAME "sos_flow"
| #define PACKAGE_VERSION "0.0"
| #define PACKAGE_STRING "sos_flow 0.0"
| #define PACKAGE_BUGREPORT ""
| #define PACKAGE_URL ""
| #define STDC_HEADERS 1
| #define HAVE_SYS_TYPES_H 1
| #define HAVE_SYS_STAT_H 1
| #define HAVE_STDLIB_H 1
| #define HAVE_STRING_H 1
| #define HAVE_MEMORY_H 1
| #define HAVE_STRINGS_H 1
| #define HAVE_INTTYPES_H 1
| #define HAVE_STDINT_H 1
| #define HAVE_UNISTD_H 1
| #define HAVE_DLFCN_H 1
| #define LT_OBJDIR ".libs/"
| #define PACKAGE "sos_flow"
| #define VERSION "0.0"
| /* end confdefs.h.  */
| #include <pthread.h>
|                         static void routine(void *a) { a = 0; }
|                         static void *start_routine(void *a) { return a; }
| int
| main ()
| {
| pthread_t th; pthread_attr_t attr;
|                         pthread_create(&th, 0, start_routine, 0);
|                         pthread_join(th, 0);
|                         pthread_attr_init(&attr);
|                         pthread_cleanup_push(routine, 0);
|                         pthread_cleanup_pop(0) /* ; */
|   ;
|   return 0;
| }
configure:11946: result: no
configure:11844: checking whether pthreads work without any flags
configure:11937: gcc -o conftest -g -O2     conftest.c   >&5
/tmp/ccMmZBiD.o: In function `main':
/home/cdw/Dropbox/research/sos_flow/conftest.c:30: undefined reference to `pthread_create'
/home/cdw/Dropbox/research/sos_flow/conftest.c:31: undefined reference to `pthread_join'
/home/cdw/Dropbox/research/sos_flow/conftest.c:33: undefined reference to `__pthread_register_cancel'
/home/cdw/Dropbox/research/sos_flow/conftest.c:34: undefined reference to `__pthread_unregister_cancel'
collect2: error: ld returned 1 exit status
configure:11937: $? = 1
configure: failed program was:
| /* confdefs.h */
| #define PACKAGE_NAME "sos_flow"
| #define PACKAGE_TARNAME "sos_flow"
| #define PACKAGE_VERSION "0.0"
| #define PACKAGE_STRING "sos_flow 0.0"
| #define PACKAGE_BUGREPORT ""
| #define PACKAGE_URL ""
| #define STDC_HEADERS 1
| #define HAVE_SYS_TYPES_H 1
| #define HAVE_SYS_STAT_H 1
| #define HAVE_STDLIB_H 1
| #define HAVE_STRING_H 1
| #define HAVE_MEMORY_H 1
| #define HAVE_STRINGS_H 1
| #define HAVE_INTTYPES_H 1
| #define HAVE_STDINT_H 1
| #define HAVE_UNISTD_H 1
| #define HAVE_DLFCN_H 1
| #define LT_OBJDIR ".libs/"
| #define PACKAGE "sos_flow"
| #define VERSION "0.0"
| /* end confdefs.h.  */
| #include <pthread.h>
|                         static void routine(void *a) { a = 0; }
|                         static void *start_routine(void *a) { return a; }
| int
| main ()
| {
| pthread_t th; pthread_attr_t attr;
|                         pthread_create(&th, 0, start_routine, 0);
|                         pthread_join(th, 0);
|                         pthread_attr_init(&attr);
|                         pthread_cleanup_push(routine, 0);
|                         pthread_cleanup_pop(0) /* ; */
|   ;
|   return 0;
| }
configure:11946: result: no
configure:11849: checking whether pthreads work with -Kthread
configure:11937: gcc -o conftest -g -O2 -Kthread    conftest.c   >&5
gcc: error: unrecognized command line option '-Kthread'
configure:11937: $? = 1
configure: failed program was:
| /* confdefs.h */
| #define PACKAGE_NAME "sos_flow"
| #define PACKAGE_TARNAME "sos_flow"
| #define PACKAGE_VERSION "0.0"
| #define PACKAGE_STRING "sos_flow 0.0"
| #define PACKAGE_BUGREPORT ""
| #define PACKAGE_URL ""
| #define STDC_HEADERS 1
| #define HAVE_SYS_TYPES_H 1
| #define HAVE_SYS_STAT_H 1
| #define HAVE_STDLIB_H 1
| #define HAVE_STRING_H 1
| #define HAVE_MEMORY_H 1
| #define HAVE_STRINGS_H 1
| #define HAVE_INTTYPES_H 1
| #define HAVE_STDINT_H 1
| #define HAVE_UNISTD_H 1
| #define HAVE_DLFCN_H 1
| #define LT_OBJDIR ".libs/"
| #define PACKAGE "sos_flow"
| #define VERSION "0.0"
| /* end confdefs.h.  */
| #include <pthread.h>
|                         static void routine(void *a) { a = 0; }
|                         static void *start_routine(void *a) { return a; }
| int
| main ()
| {
| pthread_t th; pthread_attr_t attr;
|                         pthread_create(&th, 0, start_routine, 0);
|                         pthread_join(th, 0);
|                         pthread_attr_init(&attr);
|                         pthread_cleanup_push(routine, 0);
|                         pthread_cleanup_pop(0) /* ; */
|   ;
|   return 0;
| }
configure:11946: result: no
configure:11849: checking whether pthreads work with -kthread
configure:11937: gcc -o conftest -g -O2 -kthread    conftest.c   >&5
gcc: error: unrecognized command line option '-kthread'
configure:11937: $? = 1
configure: failed program was:
| /* confdefs.h */
| #define PACKAGE_NAME "sos_flow"
| #define PACKAGE_TARNAME "sos_flow"
| #define PACKAGE_VERSION "0.0"
| #define PACKAGE_STRING "sos_flow 0.0"
| #define PACKAGE_BUGREPORT ""
| #define PACKAGE_URL ""
| #define STDC_HEADERS 1
| #define HAVE_SYS_TYPES_H 1
| #define HAVE_SYS_STAT_H 1
| #define HAVE_STDLIB_H 1
| #define HAVE_STRING_H 1
| #define HAVE_MEMORY_H 1
| #define HAVE_STRINGS_H 1
| #define HAVE_INTTYPES_H 1
| #define HAVE_STDINT_H 1
| #define HAVE_UNISTD_H 1
| #define HAVE_DLFCN_H 1
| #define LT_OBJDIR ".libs/"
| #define PACKAGE "sos_flow"
| #define VERSION "0.0"
| /* end confdefs.h.  */
| #include <pthread.h>
|                         static void routine(void *a) { a = 0; }
|                         static void *start_routine(void *a) { return a; }
| int
| main ()
| {
| pthread_t th; pthread_attr_t attr;
|                         pthread_create(&th, 0, start_routine, 0);
|                         pthread_join(th, 0);
|                         pthread_attr_init(&attr);
|                         pthread_cleanup_push(routine, 0);
|                         pthread_cleanup_pop(0) /* ; */
|   ;
|   return 0;
| }
configure:11946: result: no
configure:11899: checking for the pthreads library -llthread
configure:11937: gcc -o conftest -g -O2     conftest.c -llthread  >&5
/usr/bin/ld: cannot find -llthread
collect2: error: ld returned 1 exit status
configure:11937: $? = 1
configure: failed program was:
| /* confdefs.h */
| #define PACKAGE_NAME "sos_flow"
| #define PACKAGE_TARNAME "sos_flow"
| #define PACKAGE_VERSION "0.0"
| #define PACKAGE_STRING "sos_flow 0.0"
| #define PACKAGE_BUGREPORT ""
| #define PACKAGE_URL ""
| #define STDC_HEADERS 1
| #define HAVE_SYS_TYPES_H 1
| #define HAVE_SYS_STAT_H 1
| #define HAVE_STDLIB_H 1
| #define HAVE_STRING_H 1
| #define HAVE_MEMORY_H 1
| #define HAVE_STRINGS_H 1
| #define HAVE_INTTYPES_H 1
| #define HAVE_STDINT_H 1
| #define HAVE_UNISTD_H 1
| #define HAVE_DLFCN_H 1
| #define LT_OBJDIR ".libs/"
| #define PACKAGE "sos_flow"
| #define VERSION "0.0"
| /* end confdefs.h.  */
| #include <pthread.h>
|                         static void routine(void *a) { a = 0; }
|                         static void *start_routine(void *a) { return a; }
| int
| main ()
| {
| pthread_t th; pthread_attr_t attr;
|                         pthread_create(&th, 0, start_routine, 0);
|                         pthread_join(th, 0);
|                         pthread_attr_init(&attr);
|                         pthread_cleanup_push(routine, 0);
|                         pthread_cleanup_pop(0) /* ; */
|   ;
|   return 0;
| }
configure:11946: result: no
configure:11849: checking whether pthreads work with -pthread
configure:11937: gcc -o conftest -g -O2 -pthread    conftest.c   >&5
configure:11937: $? = 0
configure:11946: result: yes
configure:11965: checking for joinable pthread attribute
configure:11980: gcc -o conftest -g -O2 -pthread   conftest.c   >&5
configure:11980: $? = 0
configure:11986: result: PTHREAD_CREATE_JOINABLE
configure:11996: checking if more special flags are required for pthreads
configure:12011: result: no
configure:12017: checking for PTHREAD_PRIO_INHERIT
configure:12034: gcc -o conftest -g -O2 -pthread   conftest.c   >&5
configure:12034: $? = 0
configure:12043: result: yes
configure:12259: checking for doxygen
configure:12277: found /usr/bin/doxygen
configure:12289: result: /usr/bin/doxygen
configure:12365: checking for perl
configure:12383: found /usr/bin/perl
configure:12395: result: /usr/bin/perl
configure:14101: checking that generated files are newer than configure
configure:14107: result: done
configure:14178: creating ./config.status

## ---------------------- ##
## Running config.status. ##
## ---------------------- ##

This file was extended by sos_flow config.status 0.0, which was
generated by GNU Autoconf 2.69.  Invocation command line was

  CONFIG_FILES    = 
  CONFIG_HEADERS  = 
  CONFIG_LINKS    = 
  CONFIG_COMMANDS = 
  $ ./config.status 

on icebox

config.status:1142: creating Makefile
config.status:1142: creating src/Makefile
config.status:1142: creating config.h
config.status:1323: config.h is unchanged
config.status:1371: executing libtool commands
config.status:1371: executing depfiles commands

## ---------------- ##
## Cache variables. ##
## ---------------- ##

ac_cv_build=x86_64-unknown-linux-gnu
ac_cv_c_compiler_gnu=yes
ac_cv_env_CC_set=
ac_cv_env_CC_value=
ac_cv_env_CFLAGS_set=
ac_cv_env_CFLAGS_value=
ac_cv_env_CPPFLAGS_set=
ac_cv_env_CPPFLAGS_value=
ac_cv_env_CPP_set=
ac_cv_env_CPP_value=
ac_cv_env_DOXYGEN_PAPER_SIZE_set=
ac_cv_env_DOXYGEN_PAPER_SIZE_value=
ac_cv_env_LDFLAGS_set=
ac_cv_env_LDFLAGS_value=
ac_cv_env_LIBS_set=
ac_cv_env_LIBS_value=
ac_cv_env_PKG_CONFIG_LIBDIR_set=
ac_cv_env_PKG_CONFIG_LIBDIR_value=
ac_cv_env_PKG_CONFIG_PATH_set=
ac_cv_env_PKG_CONFIG_PATH_value=
ac_cv_env_PKG_CONFIG_set=
ac_cv_env_PKG_CONFIG_value=
ac_cv_env_SQLITE3_CFLAGS_set=
ac_cv_env_SQLITE3_CFLAGS_value=
ac_cv_env_SQLITE3_LIBS_set=
ac_cv_env_SQLITE3_LIBS_value=
ac_cv_env_build_alias_set=
ac_cv_env_build_alias_value=
ac_cv_env_host_alias_set=
ac_cv_env_host_alias_value=
ac_cv_env_target_alias_set=
ac_cv_env_target_alias_value=
ac_cv_header_dlfcn_h=yes
ac_cv_header_inttypes_h=yes
ac_cv_header_memory_h=yes
ac_cv_header_stdc=yes
ac_cv_header_stdint_h=yes
ac_cv_header_stdlib_h=yes
ac_cv_header_string_h=yes
ac_cv_header_strings_h=yes
ac_cv_header_sys_stat_h=yes
ac_cv_header_sys_types_h=yes
ac_cv_header_unistd_h=yes
ac_cv_host=x86_64-unknown-linux-gnu
ac_cv_objext=o
ac_cv_path_EGREP='/bin/grep -E'
ac_cv_path_FGREP='/bin/grep -F'
ac_cv_path_GREP=/bin/grep
ac_cv_path_SED=/bin/sed
ac_cv_path_ac_pt_DX_DOXYGEN=/usr/bin/doxygen
ac_cv_path_ac_pt_DX_PERL=/usr/bin/perl
ac_cv_path_ac_pt_PKG_CONFIG=/usr/bin/pkg-config
ac_cv_path_install='/usr/bin/install -c'
ac_cv_path_mkdir=/bin/mkdir
ac_cv_prog_AWK=gawk
ac_cv_prog_CPP='gcc -E'
ac_cv_prog_ac_ct_AR=ar
ac_cv_prog_ac_ct_CC=gcc
ac_cv_prog_ac_ct_MANIFEST_TOOL=mt
ac_cv_prog_ac_ct_OBJDUMP=objdump
ac_cv_prog_ac_ct_RANLIB=ranlib
ac_cv_prog_ac_ct_STRIP=strip
ac_cv_prog_cc_c89=
ac_cv_prog_cc_g=yes
ac_cv_prog_make_make_set=yes
am_cv_CC_dependencies_compiler_type=gcc3
am_cv_make_support_nested_variables=yes
am_cv_prog_cc_c_o=yes
ax_cv_PTHREAD_PRIO_INHERIT=yes
lt_cv_ar_at_file=@
lt_cv_archive_cmds_need_lc=no
lt_cv_deplibs_check_method=pass_all
lt_cv_file_magic_cmd='$MAGIC_CMD'
lt_cv_file_magic_test_file=
lt_cv_ld_reload_flag=-r
lt_cv_nm_interface='BSD nm'
lt_cv_objdir=.libs
lt_cv_path_LD=/usr/bin/ld
lt_cv_path_NM='/usr/bin/nm -B'
lt_cv_path_mainfest_tool=no
lt_cv_prog_compiler_c_o=yes
lt_cv_prog_compiler_pic='-fPIC -DPIC'
lt_cv_prog_compiler_pic_works=yes
lt_cv_prog_compiler_rtti_exceptions=no
lt_cv_prog_compiler_static_works=yes
lt_cv_prog_gnu_ld=yes
lt_cv_sharedlib_from_linklib_cmd='printf %s\n'
lt_cv_shlibpath_overrides_runpath=no
lt_cv_sys_global_symbol_pipe='sed -n -e '\''s/^.*[	 ]\([ABCDGIRSTW][ABCDGIRSTW]*\)[	 ][	 ]*\([_A-Za-z][_A-Za-z0-9]*\)$/\1 \2 \2/p'\'' | sed '\''/ __gnu_lto/d'\'''
lt_cv_sys_global_symbol_to_c_name_address='sed -n -e '\''s/^: \([^ ]*\)[ ]*$/  {\"\1\", (void *) 0},/p'\'' -e '\''s/^[ABCDGIRSTW]* \([^ ]*\) \([^ ]*\)$/  {"\2", (void *) \&\2},/p'\'''
lt_cv_sys_global_symbol_to_c_name_address_lib_prefix='sed -n -e '\''s/^: \([^ ]*\)[ ]*$/  {\"\1\", (void *) 0},/p'\'' -e '\''s/^[ABCDGIRSTW]* \([^ ]*\) \(lib[^ ]*\)$/  {"\2", (void *) \&\2},/p'\'' -e '\''s/^[ABCDGIRSTW]* \([^ ]*\) \([^ ]*\)$/  {"lib\2", (void *) \&\2},/p'\'''
lt_cv_sys_global_symbol_to_cdecl='sed -n -e '\''s/^T .* \(.*\)$/extern int \1();/p'\'' -e '\''s/^[ABCDGIRSTW]* .* \(.*\)$/extern char \1;/p'\'''
lt_cv_sys_max_cmd_len=1572864
lt_cv_to_host_file_cmd=func_convert_file_noop
lt_cv_to_tool_file_cmd=func_convert_file_noop
pkg_cv_SQLITE3_CFLAGS=' '
pkg_cv_SQLITE3_LIBS='-lsqlite3  '

## ----------------- ##
## Output variables. ##
## ----------------- ##

ACLOCAL='${SHELL} /home/cdw/Dropbox/research/sos_flow/missing aclocal-1.14'
AMDEPBACKSLASH='\'
AMDEP_FALSE='#'
AMDEP_TRUE=''
AMTAR='$${TAR-tar}'
AM_BACKSLASH='\'
AM_DEFAULT_V='$(AM_DEFAULT_VERBOSITY)'
AM_DEFAULT_VERBOSITY='1'
AM_V='$(V)'
AR='ar'
AUTOCONF='${SHELL} /home/cdw/Dropbox/research/sos_flow/missing autoconf'
AUTOHEADER='${SHELL} /home/cdw/Dropbox/research/sos_flow/missing autoheader'
AUTOMAKE='${SHELL} /home/cdw/Dropbox/research/sos_flow/missing automake-1.14'
AWK='gawk'
CC='gcc'
CCDEPMODE='depmode=gcc3'
CFLAGS='-g -O2'
CPP='gcc -E'
CPPFLAGS=''
CYGPATH_W='echo'
DEFS='-DHAVE_CONFIG_H'
DEPDIR='.deps'
DLLTOOL='false'
DOXYGEN_PAPER_SIZE=''
DSYMUTIL=''
DUMPBIN=''
DX_COND_chi_FALSE=''
DX_COND_chi_TRUE='#'
DX_COND_chm_FALSE=''
DX_COND_chm_TRUE='#'
DX_COND_doc_FALSE='#'
DX_COND_doc_TRUE=''
DX_COND_dot_FALSE=''
DX_COND_dot_TRUE='#'
DX_COND_html_FALSE='#'
DX_COND_html_TRUE=''
DX_COND_latex_FALSE=''
DX_COND_latex_TRUE='#'
DX_COND_man_FALSE=''
DX_COND_man_TRUE='#'
DX_COND_pdf_FALSE=''
DX_COND_pdf_TRUE='#'
DX_COND_ps_FALSE=''
DX_COND_ps_TRUE='#'
DX_COND_rtf_FALSE=''
DX_COND_rtf_TRUE='#'
DX_COND_xml_FALSE=''
DX_COND_xml_TRUE='#'
DX_CONFIG='doxygen.cfg'
DX_DOCDIR='doc'
DX_DOT=''
DX_DOXYGEN='/usr/bin/doxygen'
DX_DVIPS=''
DX_EGREP=''
DX_ENV=' SRCDIR='\''.'\'' PROJECT='\''sos_flow'\'' DOCDIR='\''doc'\'' VERSION='\''0.0'\'' PERL_PATH='\''/usr/bin/perl'\'' HAVE_DOT='\''NO'\'' GENERATE_MAN='\''NO'\'' GENERATE_RTF='\''NO'\'' GENERATE_XML='\''NO'\'' GENERATE_HTMLHELP='\''NO'\'' GENERATE_CHI='\''NO'\'' GENERATE_HTML='\''YES'\'' GENERATE_LATEX='\''NO'\'''
DX_FLAG_chi='0'
DX_FLAG_chm='0'
DX_FLAG_doc='1'
DX_FLAG_dot='0'
DX_FLAG_html='1'
DX_FLAG_man='0'
DX_FLAG_pdf='0'
DX_FLAG_ps='0'
DX_FLAG_rtf='0'
DX_FLAG_xml='0'
DX_HHC=''
DX_LATEX=''
DX_MAKEINDEX=''
DX_PDFLATEX=''
DX_PERL='/usr/bin/perl'
DX_PROJECT='sos_flow'
ECHO_C=''
ECHO_N='-n'
ECHO_T=''
EGREP='/bin/grep -E'
EXEEXT=''
FGREP='/bin/grep -F'
GREP='/bin/grep'
INSTALL_DATA='${INSTALL} -m 644'
INSTALL_PROGRAM='${INSTALL}'
INSTALL_SCRIPT='${INSTALL}'
INSTALL_STRIP_PROGRAM='$(install_sh) -c -s'
LD='/usr/bin/ld -m elf_x86_64'
LDFLAGS=''
LIBOBJS=''
LIBS=''
LIBSUFFIX='.so'
LIBTOOL='$(SHELL) $(top_builddir)/libtool'
LIB_SQLITE3_FALSE='#'
LIB_SQLITE3_TRUE=''
LIPO=''
LN_S='ln -s'
LTLIBOBJS=''
MAKEINFO='${SHELL} /home/cdw/Dropbox/research/sos_flow/missing makeinfo'
MANIFEST_TOOL=':'
MKDIR_P='/bin/mkdir -p'
NM='/usr/bin/nm -B'
NMEDIT=''
OBJDUMP='objdump'
OBJEXT='o'
OTOOL64=''
OTOOL=''
PACKAGE='sos_flow'
PACKAGE_BUGREPORT=''
PACKAGE_NAME='sos_flow'
PACKAGE_STRING='sos_flow 0.0'
PACKAGE_TARNAME='sos_flow'
PACKAGE_URL=''
PACKAGE_VERSION='0.0'
PATH_SEPARATOR=':'
PKG_CONFIG='/usr/bin/pkg-config'
PKG_CONFIG_LIBDIR=''
PKG_CONFIG_PATH=''
PTHREAD_CC='gcc'
PTHREAD_CFLAGS='-pthread'
PTHREAD_LIBS=''
RANLIB='ranlib'
SED='/bin/sed'
SET_MAKE=''
SHELL='/bin/bash'
SQLITE3_CFLAGS=' '
SQLITE3_LIBS='-lsqlite3  '
STRIP='strip'
VERSION='0.0'
ac_ct_AR='ar'
ac_ct_CC='gcc'
ac_ct_DUMPBIN=''
am__EXEEXT_FALSE=''
am__EXEEXT_TRUE='#'
am__fastdepCC_FALSE='#'
am__fastdepCC_TRUE=''
am__include='include'
am__isrc=''
am__leading_dot='.'
am__nodep='_no'
am__quote=''
am__tar='$${TAR-tar} chof - "$$tardir"'
am__untar='$${TAR-tar} xf -'
ax_pthread_config=''
bindir='${exec_prefix}/bin'
build='x86_64-unknown-linux-gnu'
build_alias=''
build_cpu='x86_64'
build_os='linux-gnu'
build_vendor='unknown'
datadir='${datarootdir}'
datarootdir='${prefix}/share'
docdir='${datarootdir}/doc/${PACKAGE_TARNAME}'
dvidir='${docdir}'
exec_prefix='${prefix}'
host='x86_64-unknown-linux-gnu'
host_alias=''
host_cpu='x86_64'
host_os='linux-gnu'
host_vendor='unknown'
htmldir='${docdir}'
includedir='${prefix}/include'
infodir='${datarootdir}/info'
install_sh='${SHELL} /home/cdw/Dropbox/research/sos_flow/install-sh'
libdir='${exec_prefix}/lib'
libexecdir='${exec_prefix}/libexec'
localedir='${datarootdir}/locale'
localstatedir='${prefix}/var'
mandir='${datarootdir}/man'
mkdir_p='$(MKDIR_P)'
oldincludedir='/usr/include'
pdfdir='${docdir}'
prefix='/usr/local'
program_transform_name='s,x,x,'
psdir='${docdir}'
sbindir='${exec_prefix}/sbin'
sharedstatedir='${prefix}/com'
sysconfdir='${prefix}/etc'
target_alias=''

## ----------- ##
## confdefs.h. ##
## ----------- ##

/* confdefs.h */
#define PACKAGE_NAME "sos_flow"
#define PACKAGE_TARNAME "sos_flow"
#define PACKAGE_VERSION "0.0"
#define PACKAGE_STRING "sos_flow 0.0"
#define PACKAGE_BUGREPORT ""
#define PACKAGE_URL ""
#define STDC_HEADERS 1
#define HAVE_SYS_TYPES_H 1
#define HAVE_SYS_STAT_H 1
#define HAVE_STDLIB_H 1
#define HAVE_STRING_H 1
#define HAVE_MEMORY_H 1
#define HAVE_STRINGS_H 1
#define HAVE_INTTYPES_H 1
#define HAVE_STDINT_H 1
#define HAVE_UNISTD_H 1
#define HAVE_DLFCN_H 1
#define LT_OBJDIR ".libs/"
#define PACKAGE "sos_flow"
#define VERSION "0.0"
#define HAVE_PTHREAD_PRIO_INHERIT 1
#define HAVE_PTHREAD 1

configure: exit 0

## ---------------------- ##
## Running config.status. ##
## ---------------------- ##

This file was extended by sos_flow config.status 0.0, which was
generated by GNU Autoconf 2.69.  Invocation command line was

  CONFIG_FILES    = 
  CONFIG_HEADERS  = 
  CONFIG_LINKS    = 
  CONFIG_COMMANDS = 
  $ ./config.status src/Makefile depfiles

on icebox

config.status:1142: creating src/Makefile
config.status:1371: executing depfiles commands

## ---------------------- ##
## Running config.status. ##
## ---------------------- ##

This file was extended by sos_flow config.status 0.0, which was
generated by GNU Autoconf 2.69.  Invocation command line was

  CONFIG_FILES    = 
  CONFIG_HEADERS  = 
  CONFIG_LINKS    = 
  CONFIG_COMMANDS = 
  $ ./config.status src/Makefile depfiles

on icebox

config.status:1142: creating src/Makefile
config.status:1371: executing depfiles commands

## ---------------------- ##
## Running config.status. ##
## ---------------------- ##

This file was extended by sos_flow config.status 0.0, which was
generated by GNU Autoconf 2.69.  Invocation command line was

  CONFIG_FILES    = 
  CONFIG_HEADERS  = 
  CONFIG_LINKS    = 
  CONFIG_COMMANDS = 
  $ ./config.status src/Makefile depfiles

on icebox

config.status:1142: creating src/Makefile
config.status:1371: executing depfiles commands

## ---------------------- ##
## Running config.status. ##
## ---------------------- ##

This file was extended by sos_flow config.status 0.0, which was
generated by GNU Autoconf 2.69.  Invocation command line was

  CONFIG_FILES    = 
  CONFIG_HEADERS  = 
  CONFIG_LINKS    = 
  CONFIG_COMMANDS = 
  $ ./config.status src/Makefile depfiles

on icebox

config.status:1142: creating src/Makefile
config.status:1371: executing depfiles commands

## ---------------------- ##
## Running config.status. ##
## ---------------------- ##

This file was extended by sos_flow config.status 0.0, which was
generated by GNU Autoconf 2.69.  Invocation command line was

  CONFIG_FILES    = 
  CONFIG_HEADERS  = 
  CONFIG_LINKS    = 
  CONFIG_COMMANDS = 
  $ ./config.status src/Makefile depfiles

on icebox

config.status:1142: creating src/Makefile
config.status:1371: executing depfiles commands

## ---------------------- ##
## Running config.status. ##
## ---------------------- ##

This file was extended by sos_flow config.status 0.0, which was
generated by GNU Autoconf 2.69.  Invocation command line was

  CONFIG_FILES    = 
  CONFIG_HEADERS  = 
  CONFIG_LINKS    = 
  CONFIG_COMMANDS = 
  $ ./config.status src/Makefile depfiles

on icebox

config.status:1142: creating src/Makefile
config.status:1371: executing depfiles commands
