This file contains any messages produced by compilers while
running configure, to aid debugging if configure makes a mistake.

It was created by lasy configure 0.1, which was
generated by GNU Autoconf 2.59.  Invocation command line was

  $ ./configure 

## --------- ##
## Platform. ##
## --------- ##

hostname = icebox
uname -m = x86_64
uname -r = 3.13.0-37-generic
uname -s = Linux
uname -v = #64-Ubuntu SMP Mon Sep 22 21:28:38 UTC 2014

/usr/bin/uname -p = unknown
/bin/uname -X     = unknown

/bin/arch              = unknown
/usr/bin/arch -k       = unknown
/usr/convex/getsysinfo = unknown
hostinfo               = unknown
/bin/machine           = unknown
/usr/bin/oslevel       = unknown
/bin/universe          = unknown

PATH: /usr/local/sbin
PATH: /usr/local/bin
PATH: /usr/sbin
PATH: /usr/bin
PATH: /sbin
PATH: /bin
PATH: /usr/games
PATH: /usr/local/games


## ----------- ##
## Core tests. ##
## ----------- ##

configure:1404: checking for gcc
configure:1420: found /usr/bin/gcc
configure:1430: result: gcc
configure:1674: checking for C compiler version
configure:1677: gcc --version </dev/null >&5
gcc (Ubuntu 4.8.4-2ubuntu1~14.04) 4.8.4
Copyright (C) 2013 Free Software Foundation, Inc.
This is free software; see the source for copying conditions.  There is NO
warranty; not even for MERCHANTABILITY or FITNESS FOR A PARTICULAR PURPOSE.

configure:1680: $? = 0
configure:1682: gcc -v </dev/null >&5
Using built-in specs.
COLLECT_GCC=gcc
COLLECT_LTO_WRAPPER=/usr/lib/gcc/x86_64-linux-gnu/4.8/lto-wrapper
Target: x86_64-linux-gnu
Configured with: ../src/configure -v --with-pkgversion='Ubuntu 4.8.4-2ubuntu1~14.04' --with-bugurl=file:///usr/share/doc/gcc-4.8/README.Bugs --enable-languages=c,c++,java,go,d,fortran,objc,obj-c++ --prefix=/usr --program-suffix=-4.8 --enable-shared --enable-linker-build-id --libexecdir=/usr/lib --without-included-gettext --enable-threads=posix --with-gxx-include-dir=/usr/include/c++/4.8 --libdir=/usr/lib --enable-nls --with-sysroot=/ --enable-clocale=gnu --enable-libstdcxx-debug --enable-libstdcxx-time=yes --enable-gnu-unique-object --disable-libmudflap --enable-plugin --with-system-zlib --disable-browser-plugin --enable-java-awt=gtk --enable-gtk-cairo --with-java-home=/usr/lib/jvm/java-1.5.0-gcj-4.8-amd64/jre --enable-java-home --with-jvm-root-dir=/usr/lib/jvm/java-1.5.0-gcj-4.8-amd64 --with-jvm-jar-dir=/usr/lib/jvm-exports/java-1.5.0-gcj-4.8-amd64 --with-arch-directory=amd64 --with-ecj-jar=/usr/share/java/eclipse-ecj.jar --enable-objc-gc --enable-multiarch --disable-werror --with-arch-32=i686 --with-abi=m64 --with-multilib-list=m32,m64,mx32 --with-tune=generic --enable-checking=release --build=x86_64-linux-gnu --host=x86_64-linux-gnu --target=x86_64-linux-gnu
Thread model: posix
gcc version 4.8.4 (Ubuntu 4.8.4-2ubuntu1~14.04) 
configure:1685: $? = 0
configure:1687: gcc -V </dev/null >&5
gcc: error: unrecognized command line option '-V'
gcc: fatal error: no input files
compilation terminated.
configure:1690: $? = 4
configure:1713: checking for C compiler default output file name
configure:1716: gcc    conftest.c  >&5
configure:1719: $? = 0
configure:1765: result: a.out
configure:1770: checking whether the C compiler works
configure:1776: ./a.out
configure:1779: $? = 0
configure:1796: result: yes
configure:1803: checking whether we are cross compiling
configure:1805: result: no
configure:1808: checking for suffix of executables
configure:1810: gcc -o conftest    conftest.c  >&5
configure:1813: $? = 0
configure:1838: result: 
configure:1844: checking for suffix of object files
configure:1865: gcc -c   conftest.c >&5
configure:1868: $? = 0
configure:1890: result: o
configure:1894: checking whether we are using the GNU C compiler
configure:1918: gcc -c   conftest.c >&5
configure:1924: $? = 0
configure:1928: test -z 
			 || test ! -s conftest.err
configure:1931: $? = 0
configure:1934: test -s conftest.o
configure:1937: $? = 0
configure:1950: result: yes
configure:1956: checking whether gcc accepts -g
configure:1977: gcc -c -g  conftest.c >&5
configure:1983: $? = 0
configure:1987: test -z 
			 || test ! -s conftest.err
configure:1990: $? = 0
configure:1993: test -s conftest.o
configure:1996: $? = 0
configure:2007: result: yes
configure:2024: checking for gcc option to accept ANSI C
configure:2094: gcc  -c -g -O2  conftest.c >&5
configure:2100: $? = 0
configure:2104: test -z 
			 || test ! -s conftest.err
configure:2107: $? = 0
configure:2110: test -s conftest.o
configure:2113: $? = 0
configure:2131: result: none needed
configure:2149: gcc -c -g -O2  conftest.c >&5
conftest.c:2:3: error: unknown type name 'choke'
   choke me
   ^
conftest.c:2:3: error: expected '=', ',', ';', 'asm' or '__attribute__' at end of input
configure:2155: $? = 1
configure: failed program was:
| #ifndef __cplusplus
|   choke me
| #endif
configure:2289: checking whether gcc and cc understand -c and -o together
configure:2319: gcc -c conftest.c -o conftest.o >&5
configure:2322: $? = 0
configure:2324: gcc -c conftest.c -o conftest.o >&5
configure:2327: $? = 0
configure:2334: cc -c conftest.c >&5
configure:2337: $? = 0
configure:2340: cc -c conftest.c -o conftest.o >&5
configure:2343: $? = 0
configure:2345: cc -c conftest.c -o conftest.o >&5
configure:2348: $? = 0
configure:2366: result: yes
configure:2401: checking how to run the C preprocessor
configure:2436: gcc -E  conftest.c
configure:2442: $? = 0
configure:2474: gcc -E  conftest.c
conftest.c:9:28: fatal error: ac_nonexistent.h: No such file or directory
 #include <ac_nonexistent.h>
                            ^
compilation terminated.
configure:2480: $? = 1
configure: failed program was:
| /* confdefs.h.  */
| 
| #define PACKAGE_NAME "lasy"
| #define PACKAGE_TARNAME "lasy"
| #define PACKAGE_VERSION "0.1"
| #define PACKAGE_STRING "lasy 0.1"
| #define PACKAGE_BUGREPORT "oren@ben-kiki.org"
| /* end confdefs.h.  */
| #include <ac_nonexistent.h>
configure:2519: result: gcc -E
configure:2543: gcc -E  conftest.c
configure:2549: $? = 0
configure:2581: gcc -E  conftest.c
conftest.c:9:28: fatal error: ac_nonexistent.h: No such file or directory
 #include <ac_nonexistent.h>
                            ^
compilation terminated.
configure:2587: $? = 1
configure: failed program was:
| /* confdefs.h.  */
| 
| #define PACKAGE_NAME "lasy"
| #define PACKAGE_TARNAME "lasy"
| #define PACKAGE_VERSION "0.1"
| #define PACKAGE_STRING "lasy 0.1"
| #define PACKAGE_BUGREPORT "oren@ben-kiki.org"
| /* end confdefs.h.  */
| #include <ac_nonexistent.h>
configure:2631: checking for egrep
configure:2641: result: grep -E
configure:2646: checking for ANSI C header files
configure:2671: gcc -c -g -O2  conftest.c >&5
configure:2677: $? = 0
configure:2681: test -z 
			 || test ! -s conftest.err
configure:2684: $? = 0
configure:2687: test -s conftest.o
configure:2690: $? = 0
configure:2779: gcc -o conftest -g -O2   conftest.c  >&5
conftest.c: In function 'main':
conftest.c:26:7: warning: incompatible implicit declaration of built-in function 'exit' [enabled by default]
       exit(2);
       ^
configure:2782: $? = 0
configure:2784: ./conftest
configure:2787: $? = 0
configure:2802: result: yes
configure:2826: checking for sys/types.h
configure:2842: gcc -c -g -O2  conftest.c >&5
configure:2848: $? = 0
configure:2852: test -z 
			 || test ! -s conftest.err
configure:2855: $? = 0
configure:2858: test -s conftest.o
configure:2861: $? = 0
configure:2872: result: yes
configure:2826: checking for sys/stat.h
configure:2842: gcc -c -g -O2  conftest.c >&5
configure:2848: $? = 0
configure:2852: test -z 
			 || test ! -s conftest.err
configure:2855: $? = 0
configure:2858: test -s conftest.o
configure:2861: $? = 0
configure:2872: result: yes
configure:2826: checking for stdlib.h
configure:2842: gcc -c -g -O2  conftest.c >&5
configure:2848: $? = 0
configure:2852: test -z 
			 || test ! -s conftest.err
configure:2855: $? = 0
configure:2858: test -s conftest.o
configure:2861: $? = 0
configure:2872: result: yes
configure:2826: checking for string.h
configure:2842: gcc -c -g -O2  conftest.c >&5
configure:2848: $? = 0
configure:2852: test -z 
			 || test ! -s conftest.err
configure:2855: $? = 0
configure:2858: test -s conftest.o
configure:2861: $? = 0
configure:2872: result: yes
configure:2826: checking for memory.h
configure:2842: gcc -c -g -O2  conftest.c >&5
configure:2848: $? = 0
configure:2852: test -z 
			 || test ! -s conftest.err
configure:2855: $? = 0
configure:2858: test -s conftest.o
configure:2861: $? = 0
configure:2872: result: yes
configure:2826: checking for strings.h
configure:2842: gcc -c -g -O2  conftest.c >&5
configure:2848: $? = 0
configure:2852: test -z 
			 || test ! -s conftest.err
configure:2855: $? = 0
configure:2858: test -s conftest.o
configure:2861: $? = 0
configure:2872: result: yes
configure:2826: checking for inttypes.h
configure:2842: gcc -c -g -O2  conftest.c >&5
configure:2848: $? = 0
configure:2852: test -z 
			 || test ! -s conftest.err
configure:2855: $? = 0
configure:2858: test -s conftest.o
configure:2861: $? = 0
configure:2872: result: yes
configure:2826: checking for stdint.h
configure:2842: gcc -c -g -O2  conftest.c >&5
configure:2848: $? = 0
configure:2852: test -z 
			 || test ! -s conftest.err
configure:2855: $? = 0
configure:2858: test -s conftest.o
configure:2861: $? = 0
configure:2872: result: yes
configure:2826: checking for unistd.h
configure:2842: gcc -c -g -O2  conftest.c >&5
configure:2848: $? = 0
configure:2852: test -z 
			 || test ! -s conftest.err
configure:2855: $? = 0
configure:2858: test -s conftest.o
configure:2861: $? = 0
configure:2872: result: yes
configure:2894: checking stdio.h usability
configure:2906: gcc -c -g -O2  conftest.c >&5
configure:2912: $? = 0
configure:2916: test -z 
			 || test ! -s conftest.err
configure:2919: $? = 0
configure:2922: test -s conftest.o
configure:2925: $? = 0
configure:2935: result: yes
configure:2939: checking stdio.h presence
configure:2949: gcc -E  conftest.c
configure:2955: $? = 0
configure:2975: result: yes
configure:3010: checking for stdio.h
configure:3017: result: yes
configure:3138: checking for doxygen
configure:3171: result: no
configure:3181: WARNING: doxygen not found - will not generate any doxygen documentation
configure:3233: checking for perl
configure:3251: found /usr/bin/perl
configure:3263: result: /usr/bin/perl
configure:4935: checking for a BSD-compatible install
configure:4990: result: /usr/bin/install -c
configure:5001: checking whether build environment is sane
configure:5044: result: yes
configure:5098: checking for gawk
configure:5114: found /usr/bin/gawk
configure:5124: result: gawk
configure:5134: checking whether make sets $(MAKE)
configure:5154: result: yes
configure:5184: checking for style of include used by make
configure:5212: result: GNU
configure:5384: checking dependency style of gcc
configure:5469: result: gcc3
configure:5753: creating ./config.status

## ---------------------- ##
## Running config.status. ##
## ---------------------- ##

This file was extended by lasy config.status 0.1, which was
generated by GNU Autoconf 2.59.  Invocation command line was

  CONFIG_FILES    = 
  CONFIG_HEADERS  = 
  CONFIG_LINKS    = 
  CONFIG_COMMANDS = 
  $ ./config.status 

on icebox

config.status:763: creating Makefile
config.status:867: creating config.h
config.status:1153: executing depfiles commands

## ---------------- ##
## Cache variables. ##
## ---------------- ##

ac_cv_c_compiler_gnu=yes
ac_cv_env_CC_set=
ac_cv_env_CC_value=
ac_cv_env_CFLAGS_set=
ac_cv_env_CFLAGS_value=
ac_cv_env_CPPFLAGS_set=
ac_cv_env_CPPFLAGS_value=
ac_cv_env_CPP_set=
ac_cv_env_CPP_value=
ac_cv_env_DOXYGEN_PAPER_SIZE_set=
ac_cv_env_DOXYGEN_PAPER_SIZE_value=
ac_cv_env_LDFLAGS_set=
ac_cv_env_LDFLAGS_value=
ac_cv_env_build_alias_set=
ac_cv_env_build_alias_value=
ac_cv_env_host_alias_set=
ac_cv_env_host_alias_value=
ac_cv_env_target_alias_set=
ac_cv_env_target_alias_value=
ac_cv_exeext=
ac_cv_header_inttypes_h=yes
ac_cv_header_memory_h=yes
ac_cv_header_stdc=yes
ac_cv_header_stdint_h=yes
ac_cv_header_stdio_h=yes
ac_cv_header_stdlib_h=yes
ac_cv_header_string_h=yes
ac_cv_header_strings_h=yes
ac_cv_header_sys_stat_h=yes
ac_cv_header_sys_types_h=yes
ac_cv_header_unistd_h=yes
ac_cv_objext=o
ac_cv_path_ac_pt_DX_PERL=/usr/bin/perl
ac_cv_path_install='/usr/bin/install -c'
ac_cv_prog_AWK=gawk
ac_cv_prog_CPP='gcc -E'
ac_cv_prog_ac_ct_CC=gcc
ac_cv_prog_cc_g=yes
ac_cv_prog_cc_gcc_c_o=yes
ac_cv_prog_cc_stdc=
ac_cv_prog_egrep='grep -E'
ac_cv_prog_make_make_set=yes
am_cv_CC_dependencies_compiler_type=gcc3

## ----------------- ##
## Output variables. ##
## ----------------- ##

ACLOCAL='${SHELL} /home/cdw/Dropbox/research/sos_flow/doc/dox/auxdir/missing --run aclocal-1.8'
AMDEPBACKSLASH='\'
AMDEP_FALSE='#'
AMDEP_TRUE=''
AMTAR='${SHELL} /home/cdw/Dropbox/research/sos_flow/doc/dox/auxdir/missing --run tar'
AUTOCONF='${SHELL} /home/cdw/Dropbox/research/sos_flow/doc/dox/auxdir/missing --run autoconf'
AUTOHEADER='${SHELL} /home/cdw/Dropbox/research/sos_flow/doc/dox/auxdir/missing --run autoheader'
AUTOMAKE='${SHELL} /home/cdw/Dropbox/research/sos_flow/doc/dox/auxdir/missing --run automake-1.8'
AWK='gawk'
CC='gcc'
CCDEPMODE='depmode=gcc3'
CFLAGS='-g -O2'
CPP='gcc -E'
CPPFLAGS=''
CYGPATH_W='echo'
DEFS='-DHAVE_CONFIG_H'
DEPDIR='.deps'
DOXYGEN_PAPER_SIZE=''
DX_COND_chi_FALSE=''
DX_COND_chi_TRUE='#'
DX_COND_chm_FALSE=''
DX_COND_chm_TRUE='#'
DX_COND_doc_FALSE=''
DX_COND_doc_TRUE='#'
DX_COND_dot_FALSE=''
DX_COND_dot_TRUE='#'
DX_COND_html_FALSE=''
DX_COND_html_TRUE='#'
DX_COND_latex_FALSE=''
DX_COND_latex_TRUE='#'
DX_COND_man_FALSE=''
DX_COND_man_TRUE='#'
DX_COND_pdf_FALSE=''
DX_COND_pdf_TRUE='#'
DX_COND_ps_FALSE=''
DX_COND_ps_TRUE='#'
DX_COND_rtf_FALSE=''
DX_COND_rtf_TRUE='#'
DX_COND_xml_FALSE=''
DX_COND_xml_TRUE='#'
DX_CONFIG='doxygen.cfg'
DX_DOCDIR='doxygen-doc'
DX_DOT=''
DX_DOXYGEN=''
DX_DVIPS=''
DX_EGREP=''
DX_ENV=' SRCDIR='.' PROJECT='doxample' DOCDIR='doxygen-doc' VERSION='0.1' HAVE_DOT='NO' GENERATE_MAN='NO' GENERATE_RTF='NO' GENERATE_XML='NO' GENERATE_HTMLHELP='NO' GENERATE_CHI='NO' GENERATE_HTML='NO' GENERATE_LATEX='NO''
DX_FLAG_[]DX_CURRENT_FEATURE='[]DX_CURRENT_FEATURE'
DX_FLAG_[]DX_CURRENT_FEATURE='[]DX_CURRENT_FEATURE'
DX_FLAG_[]DX_CURRENT_FEATURE='[]DX_CURRENT_FEATURE'
DX_FLAG_[]DX_CURRENT_FEATURE='[]DX_CURRENT_FEATURE'
DX_FLAG_[]DX_CURRENT_FEATURE='[]DX_CURRENT_FEATURE'
DX_FLAG_[]DX_CURRENT_FEATURE='[]DX_CURRENT_FEATURE'
DX_FLAG_[]DX_CURRENT_FEATURE='[]DX_CURRENT_FEATURE'
DX_FLAG_[]DX_CURRENT_FEATURE='[]DX_CURRENT_FEATURE'
DX_FLAG_[]DX_CURRENT_FEATURE='[]DX_CURRENT_FEATURE'
DX_FLAG_[]DX_CURRENT_FEATURE='[]DX_CURRENT_FEATURE'
DX_FLAG_[]DX_CURRENT_FEATURE='[]DX_CURRENT_FEATURE'
DX_FLAG_[]DX_CURRENT_FEATURE='[]DX_CURRENT_FEATURE'
DX_FLAG_[]DX_CURRENT_FEATURE='[]DX_CURRENT_FEATURE'
DX_FLAG_[]DX_CURRENT_FEATURE='[]DX_CURRENT_FEATURE'
DX_FLAG_[]DX_CURRENT_FEATURE='[]DX_CURRENT_FEATURE'
DX_FLAG_[]DX_CURRENT_FEATURE='[]DX_CURRENT_FEATURE'
DX_FLAG_[]DX_CURRENT_FEATURE='[]DX_CURRENT_FEATURE'
DX_FLAG_[]DX_CURRENT_FEATURE='[]DX_CURRENT_FEATURE'
DX_FLAG_[]DX_CURRENT_FEATURE='[]DX_CURRENT_FEATURE'
DX_FLAG_[]DX_CURRENT_FEATURE='[]DX_CURRENT_FEATURE'
DX_FLAG_[]DX_CURRENT_FEATURE='[]DX_CURRENT_FEATURE'
DX_FLAG_chi='0'
DX_FLAG_chm='0'
DX_FLAG_doc='0'
DX_FLAG_dot='0'
DX_FLAG_html='0'
DX_FLAG_man='0'
DX_FLAG_pdf='0'
DX_FLAG_ps='0'
DX_FLAG_rtf='0'
DX_FLAG_xml='0'
DX_HHC=''
DX_LATEX=''
DX_MAKEINDEX=''
DX_PDFLATEX=''
DX_PERL='/usr/bin/perl'
DX_PROJECT='doxample'
ECHO_C=''
ECHO_N='-n'
ECHO_T=''
EGREP='grep -E'
EXEEXT=''
INSTALL_DATA='${INSTALL} -m 644'
INSTALL_PROGRAM='${INSTALL}'
INSTALL_SCRIPT='${INSTALL}'
INSTALL_STRIP_PROGRAM='${SHELL} $(install_sh) -c -s'
LDFLAGS=''
LIBOBJS=''
LIBS=''
LTLIBOBJS=''
MAKEINFO='${SHELL} /home/cdw/Dropbox/research/sos_flow/doc/dox/auxdir/missing --run makeinfo'
OBJEXT='o'
PACKAGE='doxample'
PACKAGE_BUGREPORT='oren@ben-kiki.org'
PACKAGE_NAME='lasy'
PACKAGE_STRING='lasy 0.1'
PACKAGE_TARNAME='lasy'
PACKAGE_VERSION='0.1'
PATH_SEPARATOR=':'
SET_MAKE=''
SHELL='/bin/bash'
STRIP=''
VERSION='0.1'
ac_ct_CC='gcc'
ac_ct_STRIP=''
ac_pt_DX_DOT=''
ac_pt_DX_DOXYGEN=''
ac_pt_DX_DVIPS=''
ac_pt_DX_EGREP=''
ac_pt_DX_HHC=''
ac_pt_DX_LATEX=''
ac_pt_DX_MAKEINDEX=''
ac_pt_DX_PDFLATEX=''
ac_pt_DX_PERL='/usr/bin/perl'
am__fastdepCC_FALSE='#'
am__fastdepCC_TRUE=''
am__include='include'
am__leading_dot='.'
am__quote=''
bindir='${exec_prefix}/bin'
build_alias=''
datadir='${prefix}/share'
exec_prefix='${prefix}'
host_alias=''
includedir='${prefix}/include'
infodir='${prefix}/info'
install_sh='/home/cdw/Dropbox/research/sos_flow/doc/dox/auxdir/install-sh'
libdir='${exec_prefix}/lib'
libexecdir='${exec_prefix}/libexec'
localstatedir='${prefix}/var'
mandir='${prefix}/man'
mkdir_p='mkdir -p -- .'
oldincludedir='/usr/include'
prefix='/usr/local'
program_transform_name='s,x,x,'
sbindir='${exec_prefix}/sbin'
sharedstatedir='${prefix}/com'
sysconfdir='${prefix}/etc'
target_alias=''

## ----------- ##
## confdefs.h. ##
## ----------- ##

#define HAVE_INTTYPES_H 1
#define HAVE_MEMORY_H 1
#define HAVE_STDINT_H 1
#define HAVE_STDLIB_H 1
#define HAVE_STRINGS_H 1
#define HAVE_STRING_H 1
#define HAVE_SYS_STAT_H 1
#define HAVE_SYS_TYPES_H 1
#define HAVE_UNISTD_H 1
#define PACKAGE "doxample"
#define PACKAGE_BUGREPORT "oren@ben-kiki.org"
#define PACKAGE_NAME "lasy"
#define PACKAGE_STRING "lasy 0.1"
#define PACKAGE_TARNAME "lasy"
#define PACKAGE_VERSION "0.1"
#define STDC_HEADERS 1
#define VERSION "0.1"

configure: exit 0
