This file contains any messages produced by compilers while
running configure, to aid debugging if configure makes a mistake.

It was created by sos configure sos_flow-1.0, which was
generated by GNU Autoconf 2.69.  Invocation command line was

  $ ./configure 

## --------- ##
## Platform. ##
## --------- ##

hostname = icebox
uname -m = x86_64
uname -r = 3.13.0-37-generic
uname -s = Linux
uname -v = #64-Ubuntu SMP Mon Sep 22 21:28:38 UTC 2014

/usr/bin/uname -p = unknown
/bin/uname -X     = unknown

/bin/arch              = unknown
/usr/bin/arch -k       = unknown
/usr/convex/getsysinfo = unknown
/usr/bin/hostinfo      = unknown
/bin/machine           = unknown
/usr/bin/oslevel       = unknown
/bin/universe          = unknown

PATH: /usr/local/sbin
PATH: /usr/local/bin
PATH: /usr/sbin
PATH: /usr/bin
PATH: /sbin
PATH: /bin
PATH: /usr/games
PATH: /usr/local/games


## ----------- ##
## Core tests. ##
## ----------- ##

configure:2219: checking build system type
configure:2233: result: x86_64-unknown-linux-gnu
configure:2253: checking host system type
configure:2266: result: x86_64-unknown-linux-gnu
configure:2307: checking how to print strings
configure:2334: result: printf
configure:2406: checking for gcc
configure:2422: found /usr/bin/gcc
configure:2433: result: gcc
configure:2662: checking for C compiler version
configure:2671: gcc --version >&5
gcc (Ubuntu 4.8.4-2ubuntu1~14.04) 4.8.4
Copyright (C) 2013 Free Software Foundation, Inc.
This is free software; see the source for copying conditions.  There is NO
warranty; not even for MERCHANTABILITY or FITNESS FOR A PARTICULAR PURPOSE.

configure:2682: $? = 0
configure:2671: gcc -v >&5
Using built-in specs.
COLLECT_GCC=gcc
COLLECT_LTO_WRAPPER=/usr/lib/gcc/x86_64-linux-gnu/4.8/lto-wrapper
Target: x86_64-linux-gnu
Configured with: ../src/configure -v --with-pkgversion='Ubuntu 4.8.4-2ubuntu1~14.04' --with-bugurl=file:///usr/share/doc/gcc-4.8/README.Bugs --enable-languages=c,c++,java,go,d,fortran,objc,obj-c++ --prefix=/usr --program-suffix=-4.8 --enable-shared --enable-linker-build-id --libexecdir=/usr/lib --without-included-gettext --enable-threads=posix --with-gxx-include-dir=/usr/include/c++/4.8 --libdir=/usr/lib --enable-nls --with-sysroot=/ --enable-clocale=gnu --enable-libstdcxx-debug --enable-libstdcxx-time=yes --enable-gnu-unique-object --disable-libmudflap --enable-plugin --with-system-zlib --disable-browser-plugin --enable-java-awt=gtk --enable-gtk-cairo --with-java-home=/usr/lib/jvm/java-1.5.0-gcj-4.8-amd64/jre --enable-java-home --with-jvm-root-dir=/usr/lib/jvm/java-1.5.0-gcj-4.8-amd64 --with-jvm-jar-dir=/usr/lib/jvm-exports/java-1.5.0-gcj-4.8-amd64 --with-arch-directory=amd64 --with-ecj-jar=/usr/share/java/eclipse-ecj.jar --enable-objc-gc --enable-multiarch --disable-werror --with-arch-32=i686 --with-abi=m64 --with-multilib-list=m32,m64,mx32 --with-tune=generic --enable-checking=release --build=x86_64-linux-gnu --host=x86_64-linux-gnu --target=x86_64-linux-gnu
Thread model: posix
gcc version 4.8.4 (Ubuntu 4.8.4-2ubuntu1~14.04) 
configure:2682: $? = 0
configure:2671: gcc -V >&5
gcc: error: unrecognized command line option '-V'
gcc: fatal error: no input files
compilation terminated.
configure:2682: $? = 4
configure:2671: gcc -qversion >&5
gcc: error: unrecognized command line option '-qversion'
gcc: fatal error: no input files
compilation terminated.
configure:2682: $? = 4
configure:2702: checking whether the C compiler works
configure:2724: gcc    conftest.c  >&5
configure:2728: $? = 0
configure:2776: result: yes
configure:2779: checking for C compiler default output file name
configure:2781: result: a.out
configure:2787: checking for suffix of executables
configure:2794: gcc -o conftest    conftest.c  >&5
configure:2798: $? = 0
configure:2820: result: 
configure:2842: checking whether we are cross compiling
configure:2850: gcc -o conftest    conftest.c  >&5
configure:2854: $? = 0
configure:2861: ./conftest
configure:2865: $? = 0
configure:2880: result: no
configure:2885: checking for suffix of object files
configure:2907: gcc -c   conftest.c >&5
configure:2911: $? = 0
configure:2932: result: o
configure:2936: checking whether we are using the GNU C compiler
configure:2955: gcc -c   conftest.c >&5
configure:2955: $? = 0
configure:2964: result: yes
configure:2973: checking whether gcc accepts -g
configure:2993: gcc -c -g  conftest.c >&5
configure:2993: $? = 0
configure:3034: result: yes
configure:3051: checking for gcc option to accept ISO C89
configure:3114: gcc  -c -g -O2  conftest.c >&5
configure:3114: $? = 0
configure:3127: result: none needed
configure:3152: checking whether gcc understands -c and -o together
configure:3174: gcc -c conftest.c -o conftest2.o
configure:3177: $? = 0
configure:3174: gcc -c conftest.c -o conftest2.o
configure:3177: $? = 0
configure:3189: result: yes
configure:3206: checking for a sed that does not truncate output
configure:3270: result: /bin/sed
configure:3288: checking for grep that handles long lines and -e
configure:3346: result: /bin/grep
configure:3351: checking for egrep
configure:3413: result: /bin/grep -E
configure:3418: checking for fgrep
configure:3480: result: /bin/grep -F
configure:3515: checking for ld used by gcc
configure:3582: result: /usr/bin/ld
configure:3589: checking if the linker (/usr/bin/ld) is GNU ld
configure:3604: result: yes
configure:3616: checking for BSD- or MS-compatible name lister (nm)
configure:3665: result: /usr/bin/nm -B
configure:3795: checking the name lister (/usr/bin/nm -B) interface
configure:3802: gcc -c -g -O2  conftest.c >&5
configure:3805: /usr/bin/nm -B "conftest.o"
configure:3808: output
0000000000000000 B some_variable
configure:3815: result: BSD nm
configure:3818: checking whether ln -s works
configure:3822: result: yes
configure:3830: checking the maximum length of command line arguments
configure:3961: result: 1572864
configure:3978: checking whether the shell understands some XSI constructs
configure:3988: result: yes
configure:3992: checking whether the shell understands "+="
configure:3998: result: yes
configure:4033: checking how to convert x86_64-unknown-linux-gnu file names to x86_64-unknown-linux-gnu format
configure:4073: result: func_convert_file_noop
configure:4080: checking how to convert x86_64-unknown-linux-gnu file names to toolchain format
configure:4100: result: func_convert_file_noop
configure:4107: checking for /usr/bin/ld option to reload object files
configure:4114: result: -r
configure:4188: checking for objdump
configure:4204: found /usr/bin/objdump
configure:4215: result: objdump
configure:4247: checking how to recognize dependent libraries
configure:4445: result: pass_all
configure:4530: checking for dlltool
configure:4560: result: no
configure:4590: checking how to associate runtime and link libraries
configure:4617: result: printf %s\n
configure:4678: checking for ar
configure:4694: found /usr/bin/ar
configure:4705: result: ar
configure:4742: checking for archiver @FILE support
configure:4759: gcc -c -g -O2  conftest.c >&5
configure:4759: $? = 0
configure:4762: ar cru libconftest.a @conftest.lst >&5
configure:4765: $? = 0
configure:4770: ar cru libconftest.a @conftest.lst >&5
ar: conftest.o: No such file or directory
configure:4773: $? = 1
configure:4785: result: @
configure:4843: checking for strip
configure:4859: found /usr/bin/strip
configure:4870: result: strip
configure:4942: checking for ranlib
configure:4958: found /usr/bin/ranlib
configure:4969: result: ranlib
configure:5046: checking for gawk
configure:5062: found /usr/bin/gawk
configure:5073: result: gawk
configure:5113: checking command to parse /usr/bin/nm -B output from gcc object
configure:5233: gcc -c -g -O2  conftest.c >&5
configure:5236: $? = 0
configure:5240: /usr/bin/nm -B conftest.o \| sed -n -e 's/^.*[ ]\([ABCDGIRSTW][ABCDGIRSTW]*\)[ ][ ]*\([_A-Za-z][_A-Za-z0-9]*\)$/\1 \2 \2/p' | sed '/ __gnu_lto/d' \> conftest.nm
configure:5243: $? = 0
configure:5309: gcc -o conftest -g -O2   conftest.c conftstm.o >&5
configure:5312: $? = 0
configure:5350: result: ok
configure:5387: checking for sysroot
configure:5417: result: no
configure:5494: gcc -c -g -O2  conftest.c >&5
configure:5497: $? = 0
configure:5686: checking for mt
configure:5702: found /bin/mt
configure:5713: result: mt
configure:5736: checking if mt is a manifest tool
configure:5742: mt '-?'
configure:5750: result: no
configure:6392: checking how to run the C preprocessor
configure:6423: gcc -E  conftest.c
configure:6423: $? = 0
configure:6437: gcc -E  conftest.c
conftest.c:9:28: fatal error: ac_nonexistent.h: No such file or directory
 #include <ac_nonexistent.h>
                            ^
compilation terminated.
configure:6437: $? = 1
configure: failed program was:
| /* confdefs.h */
| #define PACKAGE_NAME "sos"
| #define PACKAGE_TARNAME "sos"
| #define PACKAGE_VERSION "sos_flow-1.0"
| #define PACKAGE_STRING "sos sos_flow-1.0"
| #define PACKAGE_BUGREPORT ""
| #define PACKAGE_URL ""
| /* end confdefs.h.  */
| #include <ac_nonexistent.h>
configure:6462: result: gcc -E
configure:6482: gcc -E  conftest.c
configure:6482: $? = 0
configure:6496: gcc -E  conftest.c
conftest.c:9:28: fatal error: ac_nonexistent.h: No such file or directory
 #include <ac_nonexistent.h>
                            ^
compilation terminated.
configure:6496: $? = 1
configure: failed program was:
| /* confdefs.h */
| #define PACKAGE_NAME "sos"
| #define PACKAGE_TARNAME "sos"
| #define PACKAGE_VERSION "sos_flow-1.0"
| #define PACKAGE_STRING "sos sos_flow-1.0"
| #define PACKAGE_BUGREPORT ""
| #define PACKAGE_URL ""
| /* end confdefs.h.  */
| #include <ac_nonexistent.h>
configure:6525: checking for ANSI C header files
configure:6545: gcc -c -g -O2  conftest.c >&5
configure:6545: $? = 0
configure:6618: gcc -o conftest -g -O2   conftest.c  >&5
configure:6618: $? = 0
configure:6618: ./conftest
configure:6618: $? = 0
configure:6629: result: yes
configure:6642: checking for sys/types.h
configure:6642: gcc -c -g -O2  conftest.c >&5
configure:6642: $? = 0
configure:6642: result: yes
configure:6642: checking for sys/stat.h
configure:6642: gcc -c -g -O2  conftest.c >&5
configure:6642: $? = 0
configure:6642: result: yes
configure:6642: checking for stdlib.h
configure:6642: gcc -c -g -O2  conftest.c >&5
configure:6642: $? = 0
configure:6642: result: yes
configure:6642: checking for string.h
configure:6642: gcc -c -g -O2  conftest.c >&5
configure:6642: $? = 0
configure:6642: result: yes
configure:6642: checking for memory.h
configure:6642: gcc -c -g -O2  conftest.c >&5
configure:6642: $? = 0
configure:6642: result: yes
configure:6642: checking for strings.h
configure:6642: gcc -c -g -O2  conftest.c >&5
configure:6642: $? = 0
configure:6642: result: yes
configure:6642: checking for inttypes.h
configure:6642: gcc -c -g -O2  conftest.c >&5
configure:6642: $? = 0
configure:6642: result: yes
configure:6642: checking for stdint.h
configure:6642: gcc -c -g -O2  conftest.c >&5
configure:6642: $? = 0
configure:6642: result: yes
configure:6642: checking for unistd.h
configure:6642: gcc -c -g -O2  conftest.c >&5
configure:6642: $? = 0
configure:6642: result: yes
configure:6656: checking for dlfcn.h
configure:6656: gcc -c -g -O2  conftest.c >&5
configure:6656: $? = 0
configure:6656: result: yes
configure:6860: checking for objdir
configure:6875: result: .libs
configure:7146: checking if gcc supports -fno-rtti -fno-exceptions
configure:7164: gcc -c -g -O2  -fno-rtti -fno-exceptions conftest.c >&5
cc1: warning: command line option '-fno-rtti' is valid for C++/ObjC++ but not for C [enabled by default]
configure:7168: $? = 0
configure:7181: result: no
configure:7508: checking for gcc option to produce PIC
configure:7515: result: -fPIC -DPIC
configure:7523: checking if gcc PIC flag -fPIC -DPIC works
configure:7541: gcc -c -g -O2  -fPIC -DPIC -DPIC conftest.c >&5
configure:7545: $? = 0
configure:7558: result: yes
configure:7587: checking if gcc static flag -static works
configure:7615: result: yes
configure:7630: checking if gcc supports -c -o file.o
configure:7651: gcc -c -g -O2  -o out/conftest2.o conftest.c >&5
configure:7655: $? = 0
configure:7677: result: yes
configure:7685: checking if gcc supports -c -o file.o
configure:7732: result: yes
configure:7765: checking whether the gcc linker (/usr/bin/ld -m elf_x86_64) supports shared libraries
configure:8922: result: yes
configure:8959: checking whether -lc should be explicitly linked in
configure:8967: gcc -c -g -O2  conftest.c >&5
configure:8970: $? = 0
configure:8985: gcc -shared  -fPIC -DPIC conftest.o  -v -Wl,-soname -Wl,conftest -o conftest 2\>\&1 \| /bin/grep  -lc  \>/dev/null 2\>\&1
configure:8988: $? = 0
configure:9002: result: no
configure:9162: checking dynamic linker characteristics
configure:9662: gcc -o conftest -g -O2   -Wl,-rpath -Wl,/foo conftest.c  >&5
configure:9662: $? = 0
configure:9896: result: GNU/Linux ld.so
configure:10003: checking how to hardcode library paths into programs
configure:10028: result: immediate
configure:10568: checking whether stripping libraries is possible
configure:10573: result: yes
configure:10608: checking if libtool supports shared libraries
configure:10610: result: yes
configure:10613: checking whether to build shared libraries
configure:10634: result: yes
configure:10637: checking whether to build static libraries
configure:10641: result: yes
configure:10694: checking for a BSD-compatible install
configure:10762: result: /usr/bin/install -c
configure:10773: checking whether build environment is sane
configure:10828: result: yes
configure:10976: checking for a thread-safe mkdir -p
configure:11015: result: /bin/mkdir -p
configure:11018: checking whether make sets $(MAKE)
configure:11040: result: yes
configure:11070: checking for style of include used by make
configure:11098: result: GNU
configure:11132: checking whether make supports nested variables
configure:11149: result: yes
configure:11234: checking dependency style of gcc
configure:11345: result: gcc3
configure:11494: checking for pkg-config
configure:11512: found /usr/bin/pkg-config
configure:11524: result: /usr/bin/pkg-config
configure:11549: checking pkg-config is at least version 0.9.0
configure:11552: result: yes
configure:11564: checking for SQLITE3
configure:11571: $PKG_CONFIG --exists --print-errors "sqlite3"
configure:11574: $? = 0
configure:11588: $PKG_CONFIG --exists --print-errors "sqlite3"
configure:11591: $? = 0
configure:11629: result: yes
configure:11841: checking that generated files are newer than configure
configure:11847: result: done
configure:11878: creating ./config.status

## ---------------------- ##
## Running config.status. ##
## ---------------------- ##

This file was extended by sos config.status sos_flow-1.0, which was
generated by GNU Autoconf 2.69.  Invocation command line was

  CONFIG_FILES    = 
  CONFIG_HEADERS  = 
  CONFIG_LINKS    = 
  CONFIG_COMMANDS = 
  $ ./config.status 

on icebox

config.status:1091: creating Makefile
config.status:1091: creating config.h
config.status:1320: executing libtool commands
config.status:1320: executing depfiles commands

## ---------------- ##
## Cache variables. ##
## ---------------- ##

ac_cv_build=x86_64-unknown-linux-gnu
ac_cv_c_compiler_gnu=yes
ac_cv_env_CC_set=
ac_cv_env_CC_value=
ac_cv_env_CFLAGS_set=
ac_cv_env_CFLAGS_value=
ac_cv_env_CPPFLAGS_set=
ac_cv_env_CPPFLAGS_value=
ac_cv_env_CPP_set=
ac_cv_env_CPP_value=
ac_cv_env_LDFLAGS_set=
ac_cv_env_LDFLAGS_value=
ac_cv_env_LIBS_set=
ac_cv_env_LIBS_value=
ac_cv_env_PKG_CONFIG_LIBDIR_set=
ac_cv_env_PKG_CONFIG_LIBDIR_value=
ac_cv_env_PKG_CONFIG_PATH_set=
ac_cv_env_PKG_CONFIG_PATH_value=
ac_cv_env_PKG_CONFIG_set=
ac_cv_env_PKG_CONFIG_value=
ac_cv_env_SQLITE3_CFLAGS_set=
ac_cv_env_SQLITE3_CFLAGS_value=
ac_cv_env_SQLITE3_LIBS_set=
ac_cv_env_SQLITE3_LIBS_value=
ac_cv_env_build_alias_set=
ac_cv_env_build_alias_value=
ac_cv_env_host_alias_set=
ac_cv_env_host_alias_value=
ac_cv_env_target_alias_set=
ac_cv_env_target_alias_value=
ac_cv_header_dlfcn_h=yes
ac_cv_header_inttypes_h=yes
ac_cv_header_memory_h=yes
ac_cv_header_stdc=yes
ac_cv_header_stdint_h=yes
ac_cv_header_stdlib_h=yes
ac_cv_header_string_h=yes
ac_cv_header_strings_h=yes
ac_cv_header_sys_stat_h=yes
ac_cv_header_sys_types_h=yes
ac_cv_header_unistd_h=yes
ac_cv_host=x86_64-unknown-linux-gnu
ac_cv_objext=o
ac_cv_path_EGREP='/bin/grep -E'
ac_cv_path_FGREP='/bin/grep -F'
ac_cv_path_GREP=/bin/grep
ac_cv_path_SED=/bin/sed
ac_cv_path_ac_pt_PKG_CONFIG=/usr/bin/pkg-config
ac_cv_path_install='/usr/bin/install -c'
ac_cv_path_mkdir=/bin/mkdir
ac_cv_prog_AWK=gawk
ac_cv_prog_CPP='gcc -E'
ac_cv_prog_ac_ct_AR=ar
ac_cv_prog_ac_ct_CC=gcc
ac_cv_prog_ac_ct_MANIFEST_TOOL=mt
ac_cv_prog_ac_ct_OBJDUMP=objdump
ac_cv_prog_ac_ct_RANLIB=ranlib
ac_cv_prog_ac_ct_STRIP=strip
ac_cv_prog_cc_c89=
ac_cv_prog_cc_g=yes
ac_cv_prog_make_make_set=yes
am_cv_CC_dependencies_compiler_type=gcc3
am_cv_make_support_nested_variables=yes
am_cv_prog_cc_c_o=yes
lt_cv_ar_at_file=@
lt_cv_archive_cmds_need_lc=no
lt_cv_deplibs_check_method=pass_all
lt_cv_file_magic_cmd='$MAGIC_CMD'
lt_cv_file_magic_test_file=
lt_cv_ld_reload_flag=-r
lt_cv_nm_interface='BSD nm'
lt_cv_objdir=.libs
lt_cv_path_LD=/usr/bin/ld
lt_cv_path_NM='/usr/bin/nm -B'
lt_cv_path_mainfest_tool=no
lt_cv_prog_compiler_c_o=yes
lt_cv_prog_compiler_pic='-fPIC -DPIC'
lt_cv_prog_compiler_pic_works=yes
lt_cv_prog_compiler_rtti_exceptions=no
lt_cv_prog_compiler_static_works=yes
lt_cv_prog_gnu_ld=yes
lt_cv_sharedlib_from_linklib_cmd='printf %s\n'
lt_cv_shlibpath_overrides_runpath=no
lt_cv_sys_global_symbol_pipe='sed -n -e '\''s/^.*[	 ]\([ABCDGIRSTW][ABCDGIRSTW]*\)[	 ][	 ]*\([_A-Za-z][_A-Za-z0-9]*\)$/\1 \2 \2/p'\'' | sed '\''/ __gnu_lto/d'\'''
lt_cv_sys_global_symbol_to_c_name_address='sed -n -e '\''s/^: \([^ ]*\)[ ]*$/  {\"\1\", (void *) 0},/p'\'' -e '\''s/^[ABCDGIRSTW]* \([^ ]*\) \([^ ]*\)$/  {"\2", (void *) \&\2},/p'\'''
lt_cv_sys_global_symbol_to_c_name_address_lib_prefix='sed -n -e '\''s/^: \([^ ]*\)[ ]*$/  {\"\1\", (void *) 0},/p'\'' -e '\''s/^[ABCDGIRSTW]* \([^ ]*\) \(lib[^ ]*\)$/  {"\2", (void *) \&\2},/p'\'' -e '\''s/^[ABCDGIRSTW]* \([^ ]*\) \([^ ]*\)$/  {"lib\2", (void *) \&\2},/p'\'''
lt_cv_sys_global_symbol_to_cdecl='sed -n -e '\''s/^T .* \(.*\)$/extern int \1();/p'\'' -e '\''s/^[ABCDGIRSTW]* .* \(.*\)$/extern char \1;/p'\'''
lt_cv_sys_max_cmd_len=1572864
lt_cv_to_host_file_cmd=func_convert_file_noop
lt_cv_to_tool_file_cmd=func_convert_file_noop
pkg_cv_SQLITE3_CFLAGS=' '
pkg_cv_SQLITE3_LIBS='-lsqlite3  '

## ----------------- ##
## Output variables. ##
## ----------------- ##

ACLOCAL='${SHELL} /home/cdw/Dropbox/research/sos_flow/src/missing aclocal-1.14'
AMDEPBACKSLASH='\'
AMDEP_FALSE='#'
AMDEP_TRUE=''
AMTAR='$${TAR-tar}'
AM_BACKSLASH='\'
AM_DEFAULT_V='$(AM_DEFAULT_VERBOSITY)'
AM_DEFAULT_VERBOSITY='1'
AM_V='$(V)'
AR='ar'
AUTOCONF='${SHELL} /home/cdw/Dropbox/research/sos_flow/src/missing autoconf'
AUTOHEADER='${SHELL} /home/cdw/Dropbox/research/sos_flow/src/missing autoheader'
AUTOMAKE='${SHELL} /home/cdw/Dropbox/research/sos_flow/src/missing automake-1.14'
AWK='gawk'
CC='gcc'
CCDEPMODE='depmode=gcc3'
CFLAGS='-g -O2'
CPP='gcc -E'
CPPFLAGS=''
CYGPATH_W='echo'
DEFS='-DHAVE_CONFIG_H'
DEPDIR='.deps'
DLLTOOL='false'
DSYMUTIL=''
DUMPBIN=''
ECHO_C=''
ECHO_N='-n'
ECHO_T=''
EGREP='/bin/grep -E'
EXEEXT=''
FGREP='/bin/grep -F'
GREP='/bin/grep'
INSTALL_DATA='${INSTALL} -m 644'
INSTALL_PROGRAM='${INSTALL}'
INSTALL_SCRIPT='${INSTALL}'
INSTALL_STRIP_PROGRAM='$(install_sh) -c -s'
LD='/usr/bin/ld -m elf_x86_64'
LDFLAGS=''
LIBOBJS=''
LIBS=''
LIBSUFFIX='.so'
LIBTOOL='$(SHELL) $(top_builddir)/libtool'
LIB_LMDB_FALSE=''
LIB_LMDB_TRUE='#'
LIB_SQLITE3_FALSE='#'
LIB_SQLITE3_TRUE=''
LIPO=''
LN_S='ln -s'
LTLIBOBJS=''
MAKEINFO='${SHELL} /home/cdw/Dropbox/research/sos_flow/src/missing makeinfo'
MANIFEST_TOOL=':'
MKDIR_P='/bin/mkdir -p'
NM='/usr/bin/nm -B'
NMEDIT=''
OBJDUMP='objdump'
OBJEXT='o'
OTOOL64=''
OTOOL=''
PACKAGE='sos'
PACKAGE_BUGREPORT=''
PACKAGE_NAME='sos'
PACKAGE_STRING='sos sos_flow-1.0'
PACKAGE_TARNAME='sos'
PACKAGE_URL=''
PACKAGE_VERSION='sos_flow-1.0'
PATH_SEPARATOR=':'
PKG_CONFIG='/usr/bin/pkg-config'
PKG_CONFIG_LIBDIR=''
PKG_CONFIG_PATH=''
RANLIB='ranlib'
SED='/bin/sed'
SET_MAKE=''
SHELL='/bin/bash'
SQLITE3_CFLAGS=' '
SQLITE3_LIBS='-lsqlite3  '
STRIP='strip'
VERSION='sos_flow-1.0'
ac_ct_AR='ar'
ac_ct_CC='gcc'
ac_ct_DUMPBIN=''
am__EXEEXT_FALSE=''
am__EXEEXT_TRUE='#'
am__fastdepCC_FALSE='#'
am__fastdepCC_TRUE=''
am__include='include'
am__isrc=''
am__leading_dot='.'
am__nodep='_no'
am__quote=''
am__tar='$${TAR-tar} chof - "$$tardir"'
am__untar='$${TAR-tar} xf -'
bindir='${exec_prefix}/bin'
build='x86_64-unknown-linux-gnu'
build_alias=''
build_cpu='x86_64'
build_os='linux-gnu'
build_vendor='unknown'
datadir='${datarootdir}'
datarootdir='${prefix}/share'
docdir='${datarootdir}/doc/${PACKAGE_TARNAME}'
dvidir='${docdir}'
exec_prefix='${prefix}'
host='x86_64-unknown-linux-gnu'
host_alias=''
host_cpu='x86_64'
host_os='linux-gnu'
host_vendor='unknown'
htmldir='${docdir}'
includedir='${prefix}/include'
infodir='${datarootdir}/info'
install_sh='${SHELL} /home/cdw/Dropbox/research/sos_flow/src/install-sh'
libdir='${exec_prefix}/lib'
libexecdir='${exec_prefix}/libexec'
localedir='${datarootdir}/locale'
localstatedir='${prefix}/var'
mandir='${datarootdir}/man'
mkdir_p='$(MKDIR_P)'
oldincludedir='/usr/include'
pdfdir='${docdir}'
prefix='/usr/local'
program_transform_name='s,x,x,'
psdir='${docdir}'
sbindir='${exec_prefix}/sbin'
sharedstatedir='${prefix}/com'
sysconfdir='${prefix}/etc'
target_alias=''

## ----------- ##
## confdefs.h. ##
## ----------- ##

/* confdefs.h */
#define PACKAGE_NAME "sos"
#define PACKAGE_TARNAME "sos"
#define PACKAGE_VERSION "sos_flow-1.0"
#define PACKAGE_STRING "sos sos_flow-1.0"
#define PACKAGE_BUGREPORT ""
#define PACKAGE_URL ""
#define STDC_HEADERS 1
#define HAVE_SYS_TYPES_H 1
#define HAVE_SYS_STAT_H 1
#define HAVE_STDLIB_H 1
#define HAVE_STRING_H 1
#define HAVE_MEMORY_H 1
#define HAVE_STRINGS_H 1
#define HAVE_INTTYPES_H 1
#define HAVE_STDINT_H 1
#define HAVE_UNISTD_H 1
#define HAVE_DLFCN_H 1
#define LT_OBJDIR ".libs/"
#define PACKAGE "sos"
#define VERSION "sos_flow-1.0"
#define x86_64_ARCH 1

configure: exit 2
